<?xml version="1.0" encoding="UTF-8"?>
<!-- Generated by org.testng.reporters.JUnitXMLReporter -->
<testsuite ignored="0" hostname="ULTP813" failures="0" tests="4" name="Command line test" time="0.406" errors="0" timestamp="2023-01-12T15:01:50 IST">
  <testcase classname="com.Test.Notepad" name="@BeforeMethod setUp" time="0.372">
    <failure type="java.lang.NoSuchMethodError" message="&amp;apos;void com.google.common.base.Throwables.throwIfUnchecked(java.lang.Throwable)&amp;apos;">
      <![CDATA[java.lang.NoSuchMethodError: 'void com.google.common.base.Throwables.throwIfUnchecked(java.lang.Throwable)'
at io.appium.java_client.remote.AppiumCommandExecutor.execute(AppiumCommandExecutor.java:253)
at org.openqa.selenium.remote.RemoteWebDriver.execute(RemoteWebDriver.java:552)
at io.appium.java_client.DefaultGenericMobileDriver.execute(DefaultGenericMobileDriver.java:41)
at io.appium.java_client.AppiumDriver.execute(AppiumDriver.java:1)
at io.appium.java_client.windows.WindowsDriver.execute(WindowsDriver.java:1)
at org.openqa.selenium.remote.RemoteWebDriver.startSession(RemoteWebDriver.java:213)
at io.appium.java_client.AppiumDriver.startSession(AppiumDriver.java:336)
at org.openqa.selenium.remote.RemoteWebDriver.<init>(RemoteWebDriver.java:131)
at io.appium.java_client.DefaultGenericMobileDriver.<init>(DefaultGenericMobileDriver.java:37)
at io.appium.java_client.AppiumDriver.<init>(AppiumDriver.java:88)
at io.appium.java_client.AppiumDriver.<init>(AppiumDriver.java:98)
at io.appium.java_client.windows.WindowsDriver.<init>(WindowsDriver.java:42)
at com.Test.Notepad.setUp(Notepad.java:51)
at java.base/java.util.ArrayList.forEach(ArrayList.java:1511)
... Removed 37 stack frames]]>
    </failure>
  </testcase> <!-- @BeforeMethod setUp -->
  <testcase classname="com.Test.Notepad" name="@AfterMethod cleanUp" time="-1.673515910143E9">
    <skipped/>
  </testcase> <!-- @AfterMethod cleanUp -->
  <testcase classname="com.Test.Notepad" name="@BeforeMethod setUp" time="-1.673515910144E9">
    <skipped/>
  </testcase> <!-- @BeforeMethod setUp -->
  <testcase classname="com.Test.Notepad" name="@AfterMethod cleanUp" time="-1.673515910145E9">
    <skipped/>
  </testcase> <!-- @AfterMethod cleanUp -->
  <testcase classname="com.Test.Notepad" name="@BeforeMethod setUp" time="-1.673515910145E9">
    <skipped/>
  </testcase> <!-- @BeforeMethod setUp -->
  <testcase classname="com.Test.Notepad" name="@AfterMethod cleanUp" time="-1.673515910146E9">
    <skipped/>
  </testcase> <!-- @AfterMethod cleanUp -->
  <testcase classname="com.Test.Notepad" name="@BeforeMethod setUp" time="-1.673515910146E9">
    <skipped/>
  </testcase> <!-- @BeforeMethod setUp -->
  <testcase classname="com.Test.Notepad" name="@AfterMethod cleanUp" time="-1.673515910146E9">
    <skipped/>
  </testcase> <!-- @AfterMethod cleanUp -->
  <testcase classname="com.Test.Notepad" name="startWinAppDriver" time="0.0">
    <skipped/>
  </testcase> <!-- startWinAppDriver -->
  <testcase classname="com.Test.Notepad" name="checkHelpAboutNowTest" time="0.0">
    <skipped/>
  </testcase> <!-- checkHelpAboutNowTest -->
  <testcase classname="com.Test.Notepad" name="sendTextTest" time="0.0">
    <skipped/>
  </testcase> <!-- sendTextTest -->
  <testcase classname="com.Test.Notepad" name="EnterDateTimeTest" time="0.0">
    <skipped/>
  </testcase> <!-- EnterDateTimeTest -->
</testsuite> <!-- Command line test -->
