<?xml version="1.0" encoding="UTF-8"?>
<!-- Generated by org.testng.reporters.JUnitXMLReporter -->
<testsuite ignored="0" hostname="ULTP813" failures="0" tests="3" name="Surefire test" time="12.192" errors="0" timestamp="2023-01-13T15:46:45 IST">
  <testcase classname="com.Test.Notepad" name="checkHelpAboutNowTest" time="0.995"/>
  <testcase classname="com.Test.Notepad" name="sendTextTest" time="4.89"/>
  <testcase classname="com.Test.Notepad" name="EnterDateTimeTest" time="0.603"/>
</testsuite> <!-- Surefire test -->
