<?xml version="1.0" encoding="UTF-8"?>
<testng-results ignored="0" total="3" passed="3" failed="0" skipped="0">
  <reporter-output>
  </reporter-output>
  <suite started-at="2023-01-13T15:46:33 IST" name="Surefire suite" finished-at="2023-01-13T15:46:45 IST" duration-ms="12192">
    <groups>
    </groups>
    <test started-at="2023-01-13T15:46:33 IST" name="Surefire test" finished-at="2023-01-13T15:46:45 IST" duration-ms="12192">
      <class name="com.Test.Notepad">
        <test-method is-config="true" signature="startWinAppDriver()[pri:0, instance:com.Test.Notepad@77be656f]" started-at="2023-01-13T15:46:33 IST" name="startWinAppDriver" finished-at="2023-01-13T15:46:33 IST" duration-ms="132" status="PASS">
          <reporter-output>
          </reporter-output>
        </test-method> <!-- startWinAppDriver -->
        <test-method is-config="true" signature="setUp()[pri:0, instance:com.Test.Notepad@77be656f]" started-at="2023-01-13T15:46:33 IST" name="setUp" finished-at="2023-01-13T15:46:34 IST" duration-ms="1209" status="PASS">
          <reporter-output>
          </reporter-output>
        </test-method> <!-- setUp -->
        <test-method signature="checkHelpAboutNowTest()[pri:1, instance:com.Test.Notepad@77be656f]" started-at="2023-01-13T15:46:34 IST" name="checkHelpAboutNowTest" finished-at="2023-01-13T15:46:35 IST" duration-ms="995" status="PASS">
          <reporter-output>
          </reporter-output>
        </test-method> <!-- checkHelpAboutNowTest -->
        <test-method is-config="true" signature="cleanUp()[pri:0, instance:com.Test.Notepad@77be656f]" started-at="2023-01-13T15:46:35 IST" name="cleanUp" finished-at="2023-01-13T15:46:35 IST" duration-ms="70" status="PASS">
          <reporter-output>
          </reporter-output>
        </test-method> <!-- cleanUp -->
        <test-method is-config="true" signature="setUp()[pri:0, instance:com.Test.Notepad@77be656f]" started-at="2023-01-13T15:46:35 IST" name="setUp" finished-at="2023-01-13T15:46:36 IST" duration-ms="413" status="PASS">
          <reporter-output>
          </reporter-output>
        </test-method> <!-- setUp -->
        <test-method signature="sendTextTest()[pri:2, instance:com.Test.Notepad@77be656f]" started-at="2023-01-13T15:46:36 IST" name="sendTextTest" finished-at="2023-01-13T15:46:41 IST" duration-ms="4890" status="PASS">
          <reporter-output>
          </reporter-output>
        </test-method> <!-- sendTextTest -->
        <test-method is-config="true" signature="cleanUp()[pri:0, instance:com.Test.Notepad@77be656f]" started-at="2023-01-13T15:46:41 IST" name="cleanUp" finished-at="2023-01-13T15:46:41 IST" duration-ms="35" status="PASS">
          <reporter-output>
          </reporter-output>
        </test-method> <!-- cleanUp -->
        <test-method is-config="true" signature="setUp()[pri:0, instance:com.Test.Notepad@77be656f]" started-at="2023-01-13T15:46:41 IST" name="setUp" finished-at="2023-01-13T15:46:41 IST" duration-ms="448" status="PASS">
          <reporter-output>
          </reporter-output>
        </test-method> <!-- setUp -->
        <test-method signature="EnterDateTimeTest()[pri:3, instance:com.Test.Notepad@77be656f]" started-at="2023-01-13T15:46:41 IST" name="EnterDateTimeTest" finished-at="2023-01-13T15:46:42 IST" duration-ms="603" status="PASS">
          <reporter-output>
          </reporter-output>
        </test-method> <!-- EnterDateTimeTest -->
        <test-method is-config="true" signature="cleanUp()[pri:0, instance:com.Test.Notepad@77be656f]" started-at="2023-01-13T15:46:42 IST" name="cleanUp" finished-at="2023-01-13T15:46:45 IST" duration-ms="3355" status="PASS">
          <reporter-output>
          </reporter-output>
        </test-method> <!-- cleanUp -->
      </class> <!-- com.Test.Notepad -->
    </test> <!-- Surefire test -->
  </suite> <!-- Surefire suite -->
</testng-results>
