<?xml version="1.0" encoding="UTF-8" ?>
<testsuite tests="12" failures="1" name="TestSuite" time="0.793" errors="0" skipped="11">
  <properties>
[...]
</properties>
  <testcase classname="com.Test.Notepad" name="setUp" time="0">
    <failure message="&apos;void com.google.common.base.Throwables.throwIfUnchecked(java.lang.Throwable)&apos;" type="java.lang.NoSuchMethodError">java.lang.NoSuchMethodError: &apos;void com.google.common.base.Throwables.throwIfUnchecked(java.lang.Throwable)&apos;
	at io.appium.java_client.remote.AppiumCommandExecutor.execute(AppiumCommandExecutor.java:253)
	at org.openqa.selenium.remote.RemoteWebDriver.execute(RemoteWebDriver.java:552)
	at io.appium.java_client.DefaultGenericMobileDriver.execute(DefaultGenericMobileDriver.java:41)
	at io.appium.java_client.AppiumDriver.execute(AppiumDriver.java:1)
	at io.appium.java_client.windows.WindowsDriver.execute(WindowsDriver.java:1)
	at org.openqa.selenium.remote.RemoteWebDriver.startSession(RemoteWebDriver.java:213)
	at io.appium.java_client.AppiumDriver.startSession(AppiumDriver.java:336)
	at org.openqa.selenium.remote.RemoteWebDriver.&lt;init&gt;(RemoteWebDriver.java:131)
	at io.appium.java_client.DefaultGenericMobileDriver.&lt;init&gt;(DefaultGenericMobileDriver.java:37)
	at io.appium.java_client.AppiumDriver.&lt;init&gt;(AppiumDriver.java:88)
	at io.appium.java_client.AppiumDriver.&lt;init&gt;(AppiumDriver.java:98)
	at io.appium.java_client.windows.WindowsDriver.&lt;init&gt;(WindowsDriver.java:42)
	at com.Test.Notepad.setUp(Notepad.java:51)
</failure>
  </testcase>
  <testcase classname="com.Test.Notepad" name="startWinAppDriver" time="0">
    <skipped/>
  </testcase>
  <testcase classname="com.Test.Notepad" name="cleanUp" time="0.001">
    <skipped/>
  </testcase>
  <testcase classname="com.Test.Notepad" name="setUp" time="0.002">
    <skipped/>
  </testcase>
  <testcase classname="com.Test.Notepad" name="checkHelpAboutNowTest" time="0">
    <skipped/>
  </testcase>
  <testcase classname="com.Test.Notepad" name="cleanUp" time="0">
    <skipped/>
  </testcase>
  <testcase classname="com.Test.Notepad" name="setUp" time="0">
    <skipped/>
  </testcase>
  <testcase classname="com.Test.Notepad" name="sendTextTest" time="0.001">
    <skipped/>
  </testcase>
  <testcase classname="com.Test.Notepad" name="cleanUp" time="0.001">
    <skipped/>
  </testcase>
  <testcase classname="com.Test.Notepad" name="setUp" time="0.001">
    <skipped/>
  </testcase>
  <testcase classname="com.Test.Notepad" name="EnterDateTimeTest" time="0">
    <skipped/>
  </testcase>
  <testcase classname="com.Test.Notepad" name="cleanUp" time="0">
    <skipped/>
  </testcase>
</testsuite>